<?xml version="1.0" encoding="UTF-8"?>
<!-- Generated by org.testng.reporters.JUnitReportReporter -->
<testsuite skipped="0" hostname="Tushti3148870" name="com.qa.pages.LoginPageTest" tests="3" failures="0" timestamp="18 Sep 2019 12:51:49 GMT" time="42.860" errors="0">
  <testcase name="loginPageTitleTest" time="12.704" classname="com.qa.pages.LoginPageTest"/>
  <testcase name="crmLogoImageTest" time="12.423" classname="com.qa.pages.LoginPageTest"/>
  <testcase name="loginTest" time="17.733" classname="com.qa.pages.LoginPageTest"/>
</testsuite> <!-- com.qa.pages.LoginPageTest -->
